<?xml version="1.0" encoding="UTF-8"?>
<testng-results skipped="0" failed="0" total="1" passed="1">
  <reporter-output>
  </reporter-output>
  <suite name="Default suite" duration-ms="2579" started-at="2019-06-24T08:56:05Z" finished-at="2019-06-24T08:56:07Z">
    <groups>
    </groups>
    <test name="Default test" duration-ms="2579" started-at="2019-06-24T08:56:05Z" finished-at="2019-06-24T08:56:07Z">
      <class name="com.qa.test.Post_Api_test">
        <test-method status="PASS" signature="setUp()[pri:0, instance:com.qa.test.Post_Api_test@50c87b21]" name="setUp" is-config="true" duration-ms="6" started-at="2019-06-24T14:26:05Z" finished-at="2019-06-24T14:26:05Z">
          <reporter-output>
          </reporter-output>
        </test-method> <!-- setUp -->
        <test-method status="PASS" signature="postAPITest()[pri:0, instance:com.qa.test.Post_Api_test@50c87b21]" name="postAPITest" duration-ms="2549" started-at="2019-06-24T14:26:05Z" finished-at="2019-06-24T14:26:07Z">
          <reporter-output>
          </reporter-output>
        </test-method> <!-- postAPITest -->
      </class> <!-- com.qa.test.Post_Api_test -->
    </test> <!-- Default test -->
  </suite> <!-- Default suite -->
</testng-results>
